<?xml version="1.0" encoding="UTF-8"?>
<testng-results ignored="0" total="3" passed="3" failed="0" skipped="0">
  <reporter-output>
  </reporter-output>
  <suite started-at="2023-12-07T21:58:38 IST" name="Default suite" finished-at="2023-12-07T21:59:03 IST" duration-ms="25416">
    <groups>
    </groups>
    <test started-at="2023-12-07T21:58:38 IST" name="Default test" finished-at="2023-12-07T21:59:03 IST" duration-ms="25416">
      <class name="Caw.Sample.AppTest">
        <test-method is-config="true" signature="setup()[pri:0, instance:Caw.Sample.AppTest@3b6ddd1d]" started-at="2023-12-07T21:58:38 IST" name="setup" finished-at="2023-12-07T21:58:40 IST" duration-ms="2627" status="PASS">
          <reporter-output>
          </reporter-output>
        </test-method> <!-- setup -->
        <test-method signature="loadWebsite()[pri:0, instance:Caw.Sample.AppTest@3b6ddd1d]" started-at="2023-12-07T21:58:40 IST" name="loadWebsite" finished-at="2023-12-07T21:58:47 IST" duration-ms="6248" status="PASS">
          <reporter-output>
          </reporter-output>
        </test-method> <!-- loadWebsite -->
        <test-method signature="testmethod()[pri:1, instance:Caw.Sample.AppTest@3b6ddd1d]" started-at="2023-12-07T21:58:47 IST" name="testmethod" finished-at="2023-12-07T21:59:03 IST" duration-ms="15859" status="PASS">
          <reporter-output>
          </reporter-output>
        </test-method> <!-- testmethod -->
        <test-method signature="getTableData()[pri:2, instance:Caw.Sample.AppTest@3b6ddd1d]" started-at="2023-12-07T21:59:03 IST" name="getTableData" finished-at="2023-12-07T21:59:03 IST" duration-ms="495" status="PASS">
          <reporter-output>
          </reporter-output>
        </test-method> <!-- getTableData -->
        <test-method is-config="true" signature="quit()[pri:0, instance:Caw.Sample.AppTest@3b6ddd1d]" started-at="2023-12-07T21:59:03 IST" name="quit" finished-at="2023-12-07T21:59:03 IST" duration-ms="131" status="PASS">
          <reporter-output>
          </reporter-output>
        </test-method> <!-- quit -->
      </class> <!-- Caw.Sample.AppTest -->
    </test> <!-- Default test -->
  </suite> <!-- Default suite -->
</testng-results>
