<?xml version="1.0" encoding="UTF-8"?>
<!-- Generated by org.testng.reporters.JUnitXMLReporter -->
<testsuite ignored="0" hostname="DESKTOP-QAT2PHL" failures="0" tests="3" name="Default test" time="25.416" errors="0" timestamp="2023-12-07T21:59:03 IST">
  <testcase classname="Caw.Sample.AppTest" name="loadWebsite" time="6.248"/>
  <testcase classname="Caw.Sample.AppTest" name="testmethod" time="15.859"/>
  <testcase classname="Caw.Sample.AppTest" name="getTableData" time="0.495"/>
</testsuite> <!-- Default test -->
